This is pdfTeX, Version 3.1415926-2.5-1.40.14 (TeX Live 2013/Debian) (format=pdflatex 2016.4.25)  6 JUN 2016 13:10
entering extended mode
 restricted \write18 enabled.
 %&-line parsing enabled.
**main.tex
(./main.tex
LaTeX2e <2011/06/27>
Babel <3.9h> and hyphenation patterns for 2 languages loaded.
(./NAR.cls
Document Class: NAR 2012/07/01 v1.5 Standard LaTeX document class
(./fleqn.clo
File: fleqn.clo 1998/08/17 v1.1c Standard LaTeX option (flush left equations)
\mathindent=\dimen102
) (./crop.sty
Package: crop 2001/11/16 v1.6 cropmarks (mf)
\CROP@width=\dimen103
\CROP@height=\dimen104
\CROP@index=\count79

(/usr/share/texlive/texmf-dist/tex/latex/graphics/graphics.sty
Package: graphics 2009/02/05 v1.0o Standard LaTeX Graphics (DPC,SPQR)

(/usr/share/texlive/texmf-dist/tex/latex/graphics/trig.sty
Package: trig 1999/03/16 v1.09 sin cos tan (DPC)
)
(/usr/share/texlive/texmf-dist/tex/latex/latexconfig/graphics.cfg
File: graphics.cfg 2010/04/23 v1.9 graphics configuration of TeX Live
)
Package graphics Info: Driver file: pdftex.def on input line 91.

(/usr/share/texlive/texmf-dist/tex/latex/pdftex-def/pdftex.def
File: pdftex.def 2011/05/27 v0.06d Graphics/color for pdfTeX

(/usr/share/texlive/texmf-dist/tex/generic/oberdiek/infwarerr.sty
Package: infwarerr 2010/04/08 v1.3 Providing info/warning/error messages (HO)
)
(/usr/share/texlive/texmf-dist/tex/generic/oberdiek/ltxcmds.sty
Package: ltxcmds 2011/11/09 v1.22 LaTeX kernel commands for general use (HO)
)
\Gread@gobject=\count80
))
\CROP@offset=\count81
Package crop Info: Local config file crop.cfg used on input line 346.
 (./crop.cfg))
Package crop Info: using pdf(la)tex graphics driver on input line 76.
 (/usr/share/texlive/texmf-dist/tex/latex/base/inputenc.sty
Package: inputenc 2008/03/30 v1.1d Input encoding file
\inpenc@prehook=\toks14
\inpenc@posthook=\toks15
)
(/usr/share/texlive/texmf-dist/tex/latex/amsmath/amsmath.sty
Package: amsmath 2013/01/14 v2.14 AMS math features
\@mathmargin=\skip41

For additional information on amsmath, use the `?' option.
(/usr/share/texlive/texmf-dist/tex/latex/amsmath/amstext.sty
Package: amstext 2000/06/29 v2.01

(/usr/share/texlive/texmf-dist/tex/latex/amsmath/amsgen.sty
File: amsgen.sty 1999/11/30 v2.0
\@emptytoks=\toks16
\ex@=\dimen105
))
(/usr/share/texlive/texmf-dist/tex/latex/amsmath/amsbsy.sty
Package: amsbsy 1999/11/29 v1.2d
\pmbraise@=\dimen106
)
(/usr/share/texlive/texmf-dist/tex/latex/amsmath/amsopn.sty
Package: amsopn 1999/12/14 v2.01 operator names
)
\inf@bad=\count82
LaTeX Info: Redefining \frac on input line 210.
\uproot@=\count83
\leftroot@=\count84
LaTeX Info: Redefining \overline on input line 306.
\classnum@=\count85
\DOTSCASE@=\count86
LaTeX Info: Redefining \ldots on input line 378.
LaTeX Info: Redefining \dots on input line 381.
LaTeX Info: Redefining \cdots on input line 466.
\Mathstrutbox@=\box26
\strutbox@=\box27
\big@size=\dimen107
LaTeX Font Info:    Redeclaring font encoding OML on input line 566.
LaTeX Font Info:    Redeclaring font encoding OMS on input line 567.
\macc@depth=\count87
\c@MaxMatrixCols=\count88
\dotsspace@=\muskip10
\c@parentequation=\count89
\dspbrk@lvl=\count90
\tag@help=\toks17
\row@=\count91
\column@=\count92
\maxfields@=\count93
\andhelp@=\toks18
\eqnshift@=\dimen108
\alignsep@=\dimen109
\tagshift@=\dimen110
\tagwidth@=\dimen111
\totwidth@=\dimen112
\lineht@=\dimen113
\@envbody=\toks19
\multlinegap=\skip42
\multlinetaggap=\skip43
\mathdisplay@stack=\toks20
LaTeX Info: Redefining \[ on input line 2665.
LaTeX Info: Redefining \] on input line 2666.
)
(/usr/share/texlive/texmf-dist/tex/latex/amsfonts/amssymb.sty
Package: amssymb 2013/01/14 v3.01 AMS font symbols

(/usr/share/texlive/texmf-dist/tex/latex/amsfonts/amsfonts.sty
Package: amsfonts 2013/01/14 v3.01 Basic AMSFonts support
\symAMSa=\mathgroup4
\symAMSb=\mathgroup5
LaTeX Font Info:    Overwriting math alphabet `\mathfrak' in version `bold'
(Font)                  U/euf/m/n --> U/euf/b/n on input line 106.
))
(/usr/share/texlive/texmf-dist/tex/latex/base/latexsym.sty
Package: latexsym 1998/08/17 v2.2e Standard LaTeX package (lasy symbols)
\symlasy=\mathgroup6
LaTeX Font Info:    Overwriting symbol font `lasy' in version `bold'
(Font)                  U/lasy/m/n --> U/lasy/b/n on input line 47.
) (./float.sty
Package: float 2001/11/08 v1.3d Float enhancements (AL)
\c@float@type=\count94
\float@exts=\toks21
\float@box=\box28
\@float@everytoks=\toks22
\@floatcapt=\box29
)
(/usr/share/texlive/texmf-dist/tex/latex/graphics/epsfig.sty
Package: epsfig 1999/02/16 v1.7a (e)psfig emulation (SPQR)
 (./graphicx.sty
Package: graphicx 1999/02/16 v1.0f Enhanced LaTeX Graphics (DPC,SPQR)

(/usr/share/texlive/texmf-dist/tex/latex/graphics/keyval.sty
Package: keyval 1999/03/16 v1.13 key=value parser (DPC)
\KV@toks@=\toks23
)
\Gin@req@height=\dimen114
\Gin@req@width=\dimen115
)
\epsfxsize=\dimen116
\epsfysize=\dimen117
)
(/usr/share/texlive/texmf-dist/tex/latex/wrapfig/wrapfig.sty
\wrapoverhang=\dimen118
\WF@size=\dimen119
\c@WF@wrappedlines=\count95
\WF@box=\box30
\WF@everypar=\toks24
Package: wrapfig 2003/01/31  v 3.6
) (./stfloats.sty
Package: stfloats 1999/10/22
\@dblbotnum=\count96
\c@dblbotnumber=\count97
)
(/usr/share/texlive/texmf-dist/tex/latex/tools/multicol.sty
Package: multicol 2011/06/27 v1.7a multicolumn formatting (FMi)
\c@tracingmulticols=\count98
\mult@box=\box31
\multicol@leftmargin=\dimen120
\c@unbalance=\count99
\c@collectmore=\count100
\doublecol@number=\count101
\multicoltolerance=\count102
\multicolpretolerance=\count103
\full@width=\dimen121
\page@free=\dimen122
\premulticols=\dimen123
\postmulticols=\dimen124
\multicolsep=\skip44
\multicolbaselineskip=\skip45
\partial@page=\box32
\last@line=\box33
\mult@rightbox=\box34
\mult@grightbox=\box35
\mult@gfirstbox=\box36
\mult@firstbox=\box37
\@tempa=\box38
\@tempa=\box39
\@tempa=\box40
\@tempa=\box41
\@tempa=\box42
\@tempa=\box43
\@tempa=\box44
\@tempa=\box45
\@tempa=\box46
\@tempa=\box47
\@tempa=\box48
\@tempa=\box49
\@tempa=\box50
\@tempa=\box51
\@tempa=\box52
\@tempa=\box53
\@tempa=\box54
\c@columnbadness=\count104
\c@finalcolumnbadness=\count105
\last@try=\dimen125
\multicolovershoot=\dimen126
\multicolundershoot=\dimen127
\mult@nat@firstbox=\box55
\colbreak@box=\box56
\multicol@sort@counter=\count106
)
(/usr/share/texlive/texmf-dist/tex/latex/rotating/rotating.sty
Package: rotating 2009/03/28 v2.16a rotated objects in LaTeX

(/usr/share/texlive/texmf-dist/tex/latex/base/ifthen.sty
Package: ifthen 2001/05/26 v1.1c Standard LaTeX ifthen package (DPC)
)
\c@r@tfl@t=\count107
\rotFPtop=\skip46
\rotFPbot=\skip47
\rot@float@box=\box57
\rot@mess@toks=\toks25
)
(/usr/share/texlive/texmf-dist/tex/latex/multirow/multirow.sty
\bigstrutjot=\dimen128
)
(/usr/share/texlive/texmf-dist/tex/latex/tools/dcolumn.sty
Package: dcolumn 2001/05/28 v1.06 decimal alignment package (DPC)
 (./array.sty
Package: array 1998/05/13 v2.3m Tabular extension package (FMi)
\col@sep=\dimen129
\extrarowheight=\dimen130
\NC@list=\toks26
\extratabsurround=\skip48
\backup@length=\skip49
))
(/usr/share/texlive/texmf-dist/tex/latex/boxedminipage/boxedminipage.sty)
(/usr/share/texlive/texmf-dist/tex/latex/base/makeidx.sty
Package: makeidx 2000/03/29 v1.0m Standard LaTeX package
)
(/usr/share/texlive/texmf-dist/tex/latex/soul/soul.sty
Package: soul 2003/11/17 v2.4 letterspacing/underlining (mf)
\SOUL@word=\toks27
\SOUL@lasttoken=\toks28
\SOUL@cmds=\toks29
\SOUL@buffer=\toks30
\SOUL@token=\toks31
\SOUL@spaceskip=\skip50
\SOUL@ttwidth=\dimen131
\SOUL@uldp=\dimen132
\SOUL@ulht=\dimen133
) (./url.sty
Package: url 1999/03/02  ver 1.4  Verb mode for urls, email addresses, and file
 names
)
(/usr/share/texlive/texmf-dist/tex/latex/tools/xspace.sty
Package: xspace 2009/10/20 v1.13 Space after command names (DPC,MH)
) (./times.sty
Package: times 2000/01/12 PSNFSS-v8.1 Times font as default roman (SPQR) 
)
\jnameskip=\skip51
\titleskip=\dimen134
\ruleskip=\dimen135
\ruleht=\dimen136
\droplines=\count108
\dropsep=\dimen137
\capvskip=\skip52
\caphskip=\skip53
\capwd=\dimen138
\droplinewd=\dimen139
\c@part=\count109
\c@section=\count110
\c@subsection=\count111
\c@subsubsection=\count112
\c@paragraph=\count113
\c@subparagraph=\count114
\labelwidthi=\dimen140
\labelwidthii=\dimen141
\labelwidthiii=\dimen142
\labelwidthiv=\dimen143
\topsepi=\skip54
\topsepii=\skip55
\topsepiii=\skip56
\topsepiv=\skip57
\itemsepi=\skip58
\itemsepii=\skip59
\itemsepiii=\skip60
\itemsepiv=\skip61
\labelsepi=\dimen144
\labelsepii=\dimen145
\labelsepiii=\dimen146
\labelsepiv=\dimen147
\parsepi=\dimen148
\parsepii=\dimen149
\parsepiii=\dimen150
\parsepiv=\dimen151
\rightmargini=\dimen152
\rightmarginii=\dimen153
\rightmarginiii=\dimen154
\rightmarginiv=\dimen155
\itemindenti=\dimen156
\itemindentii=\dimen157
\itemindentiii=\dimen158
\itemindentiv=\dimen159
\labelleftmargin=\dimen160
\c@figure=\count115
\c@table=\count116
\abovecaptionskip=\skip62
\belowcaptionskip=\skip63
\figurewidth=\dimen161
\figureheight=\dimen162
\dwidth=\dimen163
\dheight=\dimen164
\ncolumns=\count117
\nrows=\count118
\tablewd=\dimen165
\tablewidth=\dimen166
\captionwd=\dimen167
\tempbox=\box58
\tableleftskip=\skip64
\tablerightskip=\skip65
\tablecapleftskip=\skip66
\tablecaprightskip=\skip67
\tablefootleftskip=\skip68
\tablefootrightskip=\skip69
\footnumskip=\dimen168
\bibindent=\dimen169
\maxbibwd=\dimen170

(./NAR-natbib.sty
Package: NAR-natbib 2000/07/24 7.0a (PWD)
\bibhang=\skip70
\bibsep=\skip71
LaTeX Info: Redefining \cite on input line 509.
\c@NAT@ctr=\count119
)
\hours=\count120
\minutes=\count121
\grid@sidemargin=\dimen171
\grid@wd=\dimen172
\grid@ht=\dimen173
\grid@linewd=\dimen174
\grid@topofline=\dimen175
LaTeX Info: Redefining \textso on input line 1856.
\currfontsize=\dimen176
 (/usr/share/texlive/texmf-dist/tex/latex/amscls/amsthm.sty
Package: amsthm 2004/08/06 v2.20
\thm@style=\toks32
\thm@bodyfont=\toks33
\thm@headfont=\toks34
\thm@notefont=\toks35
\thm@headpunct=\toks36
\thm@preskip=\skip72
\thm@postskip=\skip73
\thm@headsep=\skip74
\dth@everypar=\toks37
)
\@indexfile=\write3
\openout3 = `main.idx'.


Writing index file main.idx
) (/usr/share/texlive/texmf-dist/tex/latex/booktabs/booktabs.sty
Package: booktabs 2005/04/14 v1.61803 publication quality tables
\heavyrulewidth=\dimen177
\lightrulewidth=\dimen178
\cmidrulewidth=\dimen179
\belowrulesep=\dimen180
\belowbottomsep=\dimen181
\aboverulesep=\dimen182
\abovetopsep=\dimen183
\cmidrulesep=\dimen184
\cmidrulekern=\dimen185
\defaultaddspace=\dimen186
\@cmidla=\count122
\@cmidlb=\count123
\@aboverulesep=\dimen187
\@belowrulesep=\dimen188
\@thisruleclass=\count124
\@lastruleclass=\count125
\@thisrulewidth=\dimen189
)
(/usr/share/texlive/texmf-dist/tex/latex/colortbl/colortbl.sty
Package: colortbl 2012/02/13 v1.0a Color table columns (DPC)
 (./color.sty
Package: color 1999/02/16 v1.0i Standard LaTeX Color (DPC)

(/usr/share/texlive/texmf-dist/tex/latex/latexconfig/color.cfg
File: color.cfg 2007/01/18 v1.5 color configuration of teTeX/TeXLive
)
Package color Info: Driver file: pdftex.def on input line 125.
)
\everycr=\toks38
\minrowclearance=\skip75
)
(/usr/share/texmf/tex/latex/xcolor/xcolor.sty
Package: xcolor 2007/01/21 v2.11 LaTeX color extensions (UK)

(/usr/share/texlive/texmf-dist/tex/latex/latexconfig/color.cfg
File: color.cfg 2007/01/18 v1.5 color configuration of teTeX/TeXLive
)
Package xcolor Info: Driver file: pdftex.def on input line 225.
LaTeX Info: Redefining \color on input line 702.
Package xcolor Info: Model `cmy' substituted by `cmy0' on input line 1337.
Package xcolor Info: Model `hsb' substituted by `rgb' on input line 1341.
Package xcolor Info: Model `RGB' extended on input line 1353.
Package xcolor Info: Model `HTML' substituted by `rgb' on input line 1355.
Package xcolor Info: Model `Hsb' substituted by `hsb' on input line 1356.
Package xcolor Info: Model `tHsb' substituted by `hsb' on input line 1357.
Package xcolor Info: Model `HSB' substituted by `hsb' on input line 1358.
Package xcolor Info: Model `Gray' substituted by `gray' on input line 1359.
Package xcolor Info: Model `wave' substituted by `hsb' on input line 1360.
)
(/usr/share/texlive/texmf-dist/tex/latex/tools/tabularx.sty
Package: tabularx 1999/01/07 v2.07 `tabularx' package (DPC)
\TX@col@width=\dimen190
\TX@old@table=\dimen191
\TX@old@col=\dimen192
\TX@target=\dimen193
\TX@delta=\dimen194
\TX@cols=\count126
\TX@ftn=\toks39
) (./main.aux)
\openout1 = `main.aux'.

LaTeX Font Info:    Checking defaults for OML/cmm/m/it on input line 17.
LaTeX Font Info:    ... okay on input line 17.
LaTeX Font Info:    Checking defaults for T1/cmr/m/n on input line 17.
LaTeX Font Info:    ... okay on input line 17.
LaTeX Font Info:    Checking defaults for OT1/cmr/m/n on input line 17.
LaTeX Font Info:    ... okay on input line 17.
LaTeX Font Info:    Checking defaults for OMS/cmsy/m/n on input line 17.
LaTeX Font Info:    ... okay on input line 17.
LaTeX Font Info:    Checking defaults for OMX/cmex/m/n on input line 17.
LaTeX Font Info:    ... okay on input line 17.
LaTeX Font Info:    Checking defaults for U/cmr/m/n on input line 17.
LaTeX Font Info:    ... okay on input line 17.
LaTeX Font Info:    Try loading font information for OT1+ptm on input line 17.

(/usr/share/texlive/texmf-dist/tex/latex/psnfss/ot1ptm.fd
File: ot1ptm.fd 2001/06/04 font definitions for OT1/ptm.
)
(/usr/share/texlive/texmf-dist/tex/context/base/supp-pdf.mkii
[Loading MPS to PDF converter (version 2006.09.02).]
\scratchcounter=\count127
\scratchdimen=\dimen195
\scratchbox=\box59
\nofMPsegments=\count128
\nofMParguments=\count129
\everyMPshowfont=\toks40
\MPscratchCnt=\count130
\MPscratchDim=\dimen196
\MPnumerator=\count131
\makeMPintoPDFobject=\count132
\everyMPtoPDFconversion=\toks41
) (/usr/share/texlive/texmf-dist/tex/generic/oberdiek/pdftexcmds.sty
Package: pdftexcmds 2011/11/29 v0.20 Utility functions of pdfTeX for LuaTeX (HO
)

(/usr/share/texlive/texmf-dist/tex/generic/oberdiek/ifluatex.sty
Package: ifluatex 2010/03/01 v1.3 Provides the ifluatex switch (HO)
Package ifluatex Info: LuaTeX not detected.
)
(/usr/share/texlive/texmf-dist/tex/generic/oberdiek/ifpdf.sty
Package: ifpdf 2011/01/30 v2.3 Provides the ifpdf switch (HO)
Package ifpdf Info: pdfTeX in PDF mode is detected.
)
Package pdftexcmds Info: LuaTeX not detected.
Package pdftexcmds Info: \pdf@primitive is available.
Package pdftexcmds Info: \pdf@ifprimitive is available.
Package pdftexcmds Info: \pdfdraftmode found.
)
(/usr/share/texlive/texmf-dist/tex/latex/oberdiek/epstopdf-base.sty
Package: epstopdf-base 2010/02/09 v2.5 Base part for package epstopdf

(/usr/share/texlive/texmf-dist/tex/latex/oberdiek/grfext.sty
Package: grfext 2010/08/19 v1.1 Manage graphics extensions (HO)

(/usr/share/texlive/texmf-dist/tex/generic/oberdiek/kvdefinekeys.sty
Package: kvdefinekeys 2011/04/07 v1.3 Define keys (HO)
))
(/usr/share/texlive/texmf-dist/tex/latex/oberdiek/kvoptions.sty
Package: kvoptions 2011/06/30 v3.11 Key value format for package options (HO)

(/usr/share/texlive/texmf-dist/tex/generic/oberdiek/kvsetkeys.sty
Package: kvsetkeys 2012/04/25 v1.16 Key value parser (HO)

(/usr/share/texlive/texmf-dist/tex/generic/oberdiek/etexcmds.sty
Package: etexcmds 2011/02/16 v1.5 Avoid name clashes with e-TeX commands (HO)
Package etexcmds Info: Could not find \expanded.
(etexcmds)             That can mean that you are not using pdfTeX 1.50 or
(etexcmds)             that some package has redefined \expanded.
(etexcmds)             In the latter case, load this package earlier.
)))
Package grfext Info: Graphics extension search list:
(grfext)             [.png,.pdf,.jpg,.mps,.jpeg,.jbig2,.jb2,.PNG,.PDF,.JPG,.JPE
G,.JBIG2,.JB2,.eps]
(grfext)             \AppendGraphicsExtensions on input line 452.

(/usr/share/texlive/texmf-dist/tex/latex/latexconfig/epstopdf-sys.cfg
File: epstopdf-sys.cfg 2010/07/13 v1.3 Configuration of (r)epstopdf for TeX Liv
e
))

LaTeX Font Warning: Font shape `OT1/cmss/b/n' undefined
(Font)              using `OT1/cmss/m/n' instead on input line 40.


LaTeX Font Warning: Font shape `OT1/cmss/m/n' in size <20> not available
(Font)              size <20.74> substituted on input line 40.


LaTeX Font Warning: Font shape `OT1/cmss/b/n' in size <20> not available
(Font)              size <20.74> substituted on input line 40.

LaTeX Font Info:    Try loading font information for U+msa on input line 40.
(/usr/share/texlive/texmf-dist/tex/latex/amsfonts/umsa.fd
File: umsa.fd 2013/01/14 v3.01 AMS symbols A
)
LaTeX Font Info:    Try loading font information for U+msb on input line 40.

(/usr/share/texlive/texmf-dist/tex/latex/amsfonts/umsb.fd
File: umsb.fd 2013/01/14 v3.01 AMS symbols B
)
LaTeX Font Info:    Try loading font information for U+lasy on input line 40.

(/usr/share/texlive/texmf-dist/tex/latex/base/ulasy.fd
File: ulasy.fd 1998/08/17 v2.2e LaTeX symbol font definitions
)

LaTeX Font Warning: Font shape `OT1/cmss/n/n' undefined
(Font)              using `OT1/cmss/m/n' instead on input line 40.


Overfull \hbox (267.0pt too wide) in paragraph at lines 40--40
[][] 
 []


Underfull \hbox (badness 3769) in paragraph at lines 54--61
\OT1/ptm/m/n/10 Amyloid aggregates have been observed in tissues of
 []


Underfull \hbox (badness 1354) in paragraph at lines 54--61
\OT1/ptm/m/n/10 highly ordered structure of their steric zipper. However,
 []


Underfull \hbox (badness 1158) in paragraph at lines 54--61
\OT1/ptm/m/n/10 some strategies to prevent amyloid formation have been
 []


Underfull \hbox (badness 1648) in paragraph at lines 62--72
\OT1/ptm/m/n/10 protein fragments become exposed. For the majority of
 []


Underfull \hbox (badness 1122) in paragraph at lines 62--72
\OT1/ptm/m/n/10 proteins, considerable conformational rearrangement must
 []


Underfull \hbox (badness 2035) in paragraph at lines 62--72
\OT1/ptm/m/n/10 have occurred to initiate the aggregation process. Such
 []


Underfull \hbox (badness 1394) in paragraph at lines 62--72
\OT1/ptm/m/n/10 changes cannot take place in the typical tightly packed
 []


Underfull \hbox (badness 2951) in paragraph at lines 62--72
\OT1/ptm/m/n/10 including electrostatic attraction, hydrogen bonding and
 []


Underfull \hbox (badness 1859) in paragraph at lines 83--105
\OT1/ptm/m/n/10 have suggested that amyloidogenic fragments may have
 []


Underfull \hbox (badness 1253) in paragraph at lines 83--105
\OT1/ptm/m/n/10 regular characteristics, not only with regard to averaged
 []


Underfull \hbox (badness 1303) in paragraph at lines 113--120
[]\OT1/ptm/m/n/10 In bioinformatics, n-grams (k-mers) are continuous or
 []


Underfull \vbox (badness 10000) has occurred while \output is active []

LaTeX Font Info:    Font shape `OT1/ptm/bx/it' in size <10> not available
(Font)              Font shape `OT1/ptm/b/it' tried instead on input line 120.
LaTeX Font Info:    Calculating math sizes for size <7.5> on input line 120.


LaTeX Font Warning: Font shape `OT1/cmr/m/n' in size <7.5> not available
(Font)              size <7> substituted on input line 120.


LaTeX Font Warning: Font shape `OT1/cmr/m/n' in size <3.75> not available
(Font)              size <5> substituted on input line 120.


LaTeX Font Warning: Font shape `OML/cmm/m/it' in size <7.5> not available
(Font)              size <7> substituted on input line 120.


LaTeX Font Warning: Font shape `OML/cmm/m/it' in size <3.75> not available
(Font)              size <5> substituted on input line 120.


LaTeX Font Warning: Font shape `OMS/cmsy/m/n' in size <7.5> not available
(Font)              size <7> substituted on input line 120.


LaTeX Font Warning: Font shape `OMS/cmsy/m/n' in size <3.75> not available
(Font)              size <5> substituted on input line 120.


LaTeX Font Warning: Font shape `U/lasy/m/n' in size <7.5> not available
(Font)              size <7> substituted on input line 120.


LaTeX Font Warning: Font shape `U/lasy/m/n' in size <3.75> not available
(Font)              size <5> substituted on input line 120.

LaTeX Font Info:    Try loading font information for OMS+ptm on input line 120.

(/usr/share/texlive/texmf-dist/tex/latex/psnfss/omsptm.fd
File: omsptm.fd 
)
LaTeX Font Info:    Font shape `OMS/ptm/m/n' in size <7.5> not available
(Font)              Font shape `OMS/cmsy/m/n' tried instead on input line 120.


LaTeX Font Warning: Font shape `OMS/cmsy/m/n' in size <7.5> not available
(Font)              size <7> substituted on input line 120.

[1{/var/lib/texmf/fonts/map/pdftex/updmap/pdftex.map}


]
Underfull \hbox (badness 1616) in paragraph at lines 121--131
\OT1/ptm/m/n/10 reduction of 20 amino acid alphabet by an appropriate
 []


Underfull \hbox (badness 1348) in paragraph at lines 163--173
\OT1/ptm/m/n/10 on the exact sequence of amino acids but on its more
 []


Underfull \hbox (badness 1867) in paragraph at lines 178--182
\OT1/ptm/m/n/10 ([]), which was performed on all combinations of the
 []


Underfull \hbox (badness 10000) in paragraph at lines 234--234
[]|\OT1/ptm/m/n/9 Side-chain contribution to protein stability
 []

Package epstopdf Info: Source file: <figures/ngram_scheme.eps>
(epstopdf)                    date: 2016-06-06 08:52:48
(epstopdf)                    size: 105512 bytes
(epstopdf)             Output file: <figures/ngram_scheme-eps-converted-to.pdf>

(epstopdf)                    date: 2016-06-06 13:08:42
(epstopdf)                    size: 34094 bytes
(epstopdf)             Command: <repstopdf --outfile=figures/ngram_scheme-eps-c
onverted-to.pdf figures/ngram_scheme.eps>
(epstopdf)             \includegraphics on input line 241.
Package epstopdf Info: Output file is already uptodate.
<figures/ngram_scheme-eps-converted-to.pdf, id=18, 386.44376pt x 811.03pt>
File: figures/ngram_scheme-eps-converted-to.pdf Graphic file (type pdf)

<use figures/ngram_scheme-eps-converted-to.pdf>
Package pdftex.def Info: figures/ngram_scheme-eps-converted-to.pdf used on inpu
t line 241.
(pdftex.def)             Requested size: 247.0pt x 518.37679pt.

Underfull \hbox (badness 1308) in paragraph at lines 254--254
\OT1/ptm/m/n/8 overlapping hexamers. B) Extraction of the overlapping hexamers 
and
 []

[2]
Overfull \hbox (25.25401pt too wide) in paragraph at lines 281--316
 [][] 
 []


Underfull \hbox (badness 1406) in paragraph at lines 326--330
\OT1/ptm/m/n/10 amino acid alphabet with 25,620 n-grams to assess the
 []


Underfull \hbox (badness 5147) in paragraph at lines 348--355
\OT1/ptm/m/n/10 important n-grams. However, they are computationally
 []

[3 <./figures/ngram_scheme-eps-converted-to.pdf>]
Underfull \hbox (badness 2158) in paragraph at lines 394--399
\OT1/ptm/m/n/10 the extremity of a contingency table is defined by its
 []

LaTeX Font Info:    Font shape `OT1/ptm/bx/n' in size <10> not available
(Font)              Font shape `OT1/ptm/b/n' tried instead on input line 406.

Underfull \hbox (badness 3199) in paragraph at lines 416--422
\OT1/ptm/m/n/10 was assessed during the five-fold cross-validation. The
 []


Underfull \hbox (badness 1590) in paragraph at lines 432--439
\OT1/ptm/m/n/10 ranked the values of Area under Curve (AUC) for the
 []


Underfull \hbox (badness 1629) in paragraph at lines 449--459
\OML/cmm/m/it/10 j$\OT1/ptm/m/n/10 ), we first calculated $\OML/cmm/m/it/10 p[]
$ \OT1/ptm/m/n/10 and $\OML/cmm/m/it/10 q[]$\OT1/ptm/m/n/10 , i.e. the mean val
ues
 []


Underfull \hbox (badness 2922) in paragraph at lines 464--466
\OT1/ptm/m/n/10 as the minimum change of the mean physicochemical
 []


Underfull \hbox (badness 2237) in paragraph at lines 469--471
\OT1/ptm/m/n/10 The best-performing encoding chosen during the cross-
 []

[4]
Package epstopdf Info: Source file: <figures/AUC_boxplot.eps>
(epstopdf)                    date: 2016-06-06 10:24:55
(epstopdf)                    size: 797800 bytes
(epstopdf)             Output file: <figures/AUC_boxplot-eps-converted-to.pdf>
(epstopdf)                    date: 2016-06-06 13:10:08
(epstopdf)                    size: 153839 bytes
(epstopdf)             Command: <repstopdf --outfile=figures/AUC_boxplot-eps-co
nverted-to.pdf figures/AUC_boxplot.eps>
(epstopdf)             \includegraphics on input line 512.
Package epstopdf Info: Output file is already uptodate.
 <figures/AUC_boxplot-eps-converted-to.pdf, id=47, 469.755pt x 252.945pt>
File: figures/AUC_boxplot-eps-converted-to.pdf Graphic file (type pdf)

<use figures/AUC_boxplot-eps-converted-to.pdf>
Package pdftex.def Info: figures/AUC_boxplot-eps-converted-to.pdf used on input
 line 512.
(pdftex.def)             Requested size: 469.75386pt x 252.94438pt.

<figures/sesp_plot.png, id=48, 469.755pt x 289.08pt>
File: figures/sesp_plot.png Graphic file (type png)

<use figures/sesp_plot.png>
Package pdftex.def Info: figures/sesp_plot.png used on input line 528.
(pdftex.def)             Requested size: 469.75386pt x 289.07928pt.

Underfull \hbox (badness 1383) in paragraph at lines 545--550
\OT1/ptm/m/n/10 even if the training set contained longer sequences. By
 []


Underfull \hbox (badness 2042) in paragraph at lines 551--557
\OT1/ptm/m/n/10 longer than 15 amino acids results from difficulties in
 []


Underfull \hbox (badness 2197) in paragraph at lines 567--574
[]\OT1/ptm/m/n/10 We also evaluated classifiers based on the full (i.e.,
 []


Underfull \hbox (badness 1281) in paragraph at lines 575--582
\OT1/ptm/m/n/10 of the worst sensitivities among all analyzed predictors,
 []


Underfull \hbox (badness 1286) in paragraph at lines 583--594
\OT1/ptm/m/n/10 significantly worse than other analyzed encodings in all
 []


Underfull \hbox (badness 1902) in paragraph at lines 583--594
\OT1/ptm/m/n/10 acids do not create groups suitable for the recognition
 []


Underfull \hbox (badness 2080) in paragraph at lines 583--594
\OT1/ptm/m/n/10 of amyloids. This observation is well-supported by the
 []

Package epstopdf Info: Source file: <figures/ed_AUC.eps>
(epstopdf)                    date: 2016-06-06 10:24:57
(epstopdf)                    size: 2146826 bytes
(epstopdf)             Output file: <figures/ed_AUC-eps-converted-to.pdf>
(epstopdf)                    date: 2016-06-06 13:10:10
(epstopdf)                    size: 571402 bytes
(epstopdf)             Command: <repstopdf --outfile=figures/ed_AUC-eps-convert
ed-to.pdf figures/ed_AUC.eps>
(epstopdf)             \includegraphics on input line 598.
Package epstopdf Info: Output file is already uptodate.
<figures/ed_AUC-eps-converted-to.pdf, id=49, 216.81pt x 289.08pt>
File: figures/ed_AUC-eps-converted-to.pdf Graphic file (type pdf)

<use figures/ed_AUC-eps-converted-to.pdf>
Package pdftex.def Info: figures/ed_AUC-eps-converted-to.pdf used on input line
 598.
(pdftex.def)             Requested size: 216.80946pt x 289.07928pt.
Package epstopdf Info: Source file: <figures/ngrams.eps>
(epstopdf)                    date: 2016-06-06 10:24:56
(epstopdf)                    size: 33752 bytes
(epstopdf)             Output file: <figures/ngrams-eps-converted-to.pdf>
(epstopdf)                    date: 2016-06-06 13:10:10
(epstopdf)                    size: 9124 bytes
(epstopdf)             Command: <repstopdf --outfile=figures/ngrams-eps-convert
ed-to.pdf figures/ngrams.eps>
(epstopdf)             \includegraphics on input line 630.
Package epstopdf Info: Output file is already uptodate.

<figures/ngrams-eps-converted-to.pdf, id=50, 180.675pt x 578.16pt>
File: figures/ngrams-eps-converted-to.pdf Graphic file (type pdf)

<use figures/ngrams-eps-converted-to.pdf>
Package pdftex.def Info: figures/ngrams-eps-converted-to.pdf used on input line
 630.
(pdftex.def)             Requested size: 180.67455pt x 578.15858pt.
LaTeX Font Info:    Font shape `OT1/ptm/bx/n' in size <8> not available
(Font)              Font shape `OT1/ptm/b/n' tried instead on input line 637.


Package natbib Warning: Citation `paz_sequence_2004' on page 5 undefined on inp
ut line 637.


Package natbib Warning: Citation `paz_sequence_2004' on page 5 undefined on inp
ut line 637.

[5 <./figures/ed_AUC-eps-converted-to.pdf>] [6 <./figures/AUC_boxplot-eps-conve
rted-to.pdf> <./figures/sesp_plot.png (PNG copy)>]
Underfull \hbox (badness 6188) in paragraph at lines 655--657
[]\OT1/ptm/m/n/10 To compare the best-performing encoding to other
 []


Underfull \hbox (badness 4001) in paragraph at lines 655--657
\OT1/ptm/m/n/10 reflected by this encoding improves the prediction of
 []


Underfull \hbox (badness 1383) in paragraph at lines 658--662
\OT1/ptm/m/n/10 for all sequences derived from AmyLoad database. The
 []


Underfull \hbox (badness 3838) in paragraph at lines 658--662
\OT1/ptm/m/n/10 n-grams typical of amyloidogenic sequences (with the
 []


Underfull \hbox (badness 5652) in paragraph at lines 676--676
[]\OT1/ptm/b/n/8 Table 4. \OT1/ptm/m/n/8 Results of benchmark on \OT1/ptm/m/it/
8 pep424 \OT1/ptm/m/n/8 data set for PASTA2,
 []

LaTeX Font Info:    Font shape `OT1/ptm/bx/n' in size <9> not available
(Font)              Font shape `OT1/ptm/b/n' tried instead on input line 682.

Overfull \hbox (9.27003pt too wide) in paragraph at lines 678--694
 [][] 
 []


Underfull \hbox (badness 2980) in paragraph at lines 696--703
\OT1/ptm/m/n/10 reviewed predictors of amyloidogenicity: PASTA2 ([]),
 []


Underfull \hbox (badness 1152) in paragraph at lines 704--708
\OT1/ptm/m/n/10 Correlation Coefficient (MCC), sensitivity and specificity
 []

[7 <./figures/ngrams-eps-converted-to.pdf>]
Underfull \hbox (badness 2197) in paragraph at lines 729--732
[]\OT1/ptm/m/n/10 Among all considered predictors of amyloidogenicity,
 []


Package natbib Warning: Citation `tsolis_consensus_2013' on page 8 undefined on
 input line 733.


Underfull \hbox (badness 2617) in paragraph at lines 733--734
[]\OT1/ptm/m/n/10 AmyloGram is trained to predict amyloidogenic, not
 []


Underfull \hbox (badness 1231) in paragraph at lines 733--734
\OT1/ptm/m/n/10 in prediction of all regions participating in the amyloid
 []


Underfull \vbox (badness 10000) has occurred while \output is active []


Underfull \hbox (badness 3088) in paragraph at lines 747--751
\OT1/ptm/m/n/10 and validate several thousands of possible amino acid
 []


Underfull \hbox (badness 4181) in paragraph at lines 752--756
[]\OT1/ptm/m/n/10 Our analysis was completed with the extraction of
 []


Underfull \hbox (badness 2205) in paragraph at lines 752--756
\OT1/ptm/m/n/10 of peptides. Sixty five important n-grams revealed that
 []


Underfull \hbox (badness 3872) in paragraph at lines 757--759
\OT1/ptm/m/n/10 alphabet consisting of six amino acid groups, it still
 []


Underfull \hbox (badness 1132) in paragraph at lines 757--759
\OT1/ptm/m/n/10 outperformed predictors learning on the raw amino acid
 []


Underfull \hbox (badness 2521) in paragraph at lines 763--766
\OT1/ptm/m/n/10 Computations were carried out in Wroclaw Center for
 []

(./main.bbl
Missing character: There is no Î in font ptmr7t!
Missing character: There is no ² in font ptmr7t!
Missing character: There is no Ã in font ptmr7t!
Missing character: There is no ¼ in font ptmr7t!
 [8]
Underfull \hbox (badness 3364) in paragraph at lines 34--38
[]\OT1/ptm/m/n/8 Beerten, J., Van Durme, J., Gallardo, R., Capriotti, E., Serpe
ll,
 []


Underfull \hbox (badness 1292) in paragraph at lines 34--38
\OT1/ptm/m/n/8 benchmark database of amyloidogenic hexapeptides. \OT1/ptm/m/it/
8 Bioinformatics
 []

Missing character: There is no â in font ptmr7t!
Missing character: There is no € in font ptmr7t!
Missing character: There is no “ in font ptmr7t!

Underfull \hbox (badness 1436) in paragraph at lines 70--73
[]\OT1/ptm/m/n/8 Wozniak, P. P. and Kotulska, M. (June, 2015) AmyLoad: website
 []


Underfull \hbox (badness 1259) in paragraph at lines 75--79
\OT1/ptm/m/n/8 T., and Kanehisa, M. (January, 2008) AAindex: amino acid index
 []


Underfull \hbox (badness 1354) in paragraph at lines 104--109
\OT1/ptm/m/n/8 vapor phase, cyclohexane, 1-octanol, and neutral aqueous solutio
n.
 []


Underfull \hbox (badness 1303) in paragraph at lines 121--125
\OT1/ptm/m/n/8 and conformational properties in signal and nascent peptides. \O
T1/ptm/m/it/8 The
 []


Underfull \hbox (badness 1062) in paragraph at lines 127--131
[]\OT1/ptm/m/n/8 Kim, C. A. and Berg, J. M. (March, 1993) Thermodynamic beta-
 []


Underfull \hbox (badness 4429) in paragraph at lines 133--136
[]\OT1/ptm/m/n/8 Argos, P., Rao, J. K., and Hargrave, P. A. (November, 1982)
 []


Underfull \hbox (badness 1365) in paragraph at lines 138--142
[]\OT1/ptm/m/n/8 Sweet, R. M. and Eisenberg, D. (December, 1983) Correlation of

 []


Underfull \hbox (badness 2080) in paragraph at lines 138--142
\OT1/ptm/m/n/8 sequence hydrophobicities measures similarity in three-dimension
al
 []


Underfull \hbox (badness 1264) in paragraph at lines 150--154
[]\OT1/ptm/m/n/8 Black, S. D. and Mould, D. R. (February, 1991) Development of
 []


Underfull \hbox (badness 1142) in paragraph at lines 150--154
\OT1/ptm/m/n/8 hydrophobicity parameters to analyze proteins which bear post- o
r
 []


Underfull \hbox (badness 1983) in paragraph at lines 156--159
[]\OT1/ptm/m/n/8 Charton, M. and Charton, B. I. (December, 1982) The structural

 []


Underfull \hbox (badness 2237) in paragraph at lines 156--159
\OT1/ptm/m/n/8 dependence of amino acid hydrophobicity parameters. \OT1/ptm/m/i
t/8 Journal of
 []


Underfull \vbox (badness 10000) has occurred while \output is active []


Underfull \hbox (badness 3792) in paragraph at lines 184--189
[]\OT1/ptm/m/n/8 Wright, M. N. and Ziegler, A. (August, 2015) ranger: A Fast
 []

Missing character: There is no Ã in font ptmr7t!
Missing character: There is no ­ in font ptmr7t!

Underfull \hbox (badness 2781) in paragraph at lines 196--199
\OT1/ptm/m/n/8 2015) Prediction of Peptide and Protein Propensity for Amyloid
 []

)

Package natbib Warning: There were undefined citations.

[9] (./main.aux)

LaTeX Font Warning: Size substitutions with differences
(Font)              up to 1.25pt have occurred.


LaTeX Font Warning: Some font shapes were not available, defaults substituted.

 ) 
Here is how much of TeX's memory you used:
 4731 strings out of 495028
 60177 string characters out of 6181497
 144008 words of memory out of 5000000
 7765 multiletter control sequences out of 15000+600000
 33934 words of font info for 90 fonts, out of 8000000 for 9000
 23 hyphenation exceptions out of 8191
 38i,19n,35p,1066b,355s stack positions out of 5000i,500n,10000p,200000b,80000s
{/usr/share/texlive/texmf-dist/fonts/enc/dvips/base/8r.enc}</usr/share/texliv
e/texmf-dist/fonts/type1/public/amsfonts/cm/cmex10.pfb></usr/share/texlive/texm
f-dist/fonts/type1/public/amsfonts/cm/cmmi10.pfb></usr/share/texlive/texmf-dist
/fonts/type1/public/amsfonts/cm/cmmi8.pfb></usr/share/texlive/texmf-dist/fonts/
type1/public/amsfonts/cm/cmmi9.pfb></usr/share/texlive/texmf-dist/fonts/type1/p
ublic/amsfonts/cm/cmr10.pfb></usr/share/texlive/texmf-dist/fonts/type1/public/a
msfonts/cm/cmr8.pfb></usr/share/texlive/texmf-dist/fonts/type1/public/amsfonts/
cm/cmss10.pfb></usr/share/texlive/texmf-dist/fonts/type1/public/amsfonts/cm/cms
s12.pfb></usr/share/texlive/texmf-dist/fonts/type1/public/amsfonts/cm/cmss17.pf
b></usr/share/texlive/texmf-dist/fonts/type1/public/amsfonts/cm/cmss8.pfb></usr
/share/texlive/texmf-dist/fonts/type1/public/amsfonts/cm/cmsy10.pfb></usr/share
/texlive/texmf-dist/fonts/type1/public/amsfonts/cm/cmsy6.pfb></usr/share/texliv
e/texmf-dist/fonts/type1/public/amsfonts/cm/cmsy7.pfb></usr/share/texlive/texmf
-dist/fonts/type1/public/amsfonts/cm/cmsy8.pfb></usr/share/texlive/texmf-dist/f
onts/type1/urw/times/utmb8a.pfb></usr/share/texlive/texmf-dist/fonts/type1/urw/
times/utmbi8a.pfb></usr/share/texlive/texmf-dist/fonts/type1/urw/times/utmr8a.p
fb></usr/share/texlive/texmf-dist/fonts/type1/urw/times/utmri8a.pfb>
Output written on main.pdf (9 pages, 1160702 bytes).
PDF statistics:
 143 PDF objects out of 1000 (max. 8388607)
 99 compressed objects within 1 object stream
 0 named destinations out of 1000 (max. 500000)
 26 words of extra memory for PDF output out of 10000 (max. 10000000)

